# JRE version: OpenJDK Runtime Environment Temurin-21.0.9+10 (21.0.9+10) (build 21.0.9+10-LTS)
# Java VM: OpenJDK 64-Bit Server VM Temurin-21.0.9+10 (21.0.9+10-LTS, mixed mode, sharing, tiered, compressed oops, compressed class ptrs, parallel gc, windows-amd64)
GC Precious Log:
 CardTable entry size: 512
 CPUs: 8 total, 8 available
 Memory: 3461M
 Large Page Support: Disabled
 NUMA Support: Disabled
 Compressed Oops: Enabled (32-bit)
 Alignments: Space 512K, Generation 512K, Heap 2M
 Heap Min Capacity: 100M
 Heap Initial Capacity: 100M
 Heap Max Capacity: 2G
 Pre-touch: Disabled
 Parallel Workers: 8
Heap:
 PSYoungGen      total 11776K, used 990K [0x00000000d5580000, 0x00000000d6200000, 0x0000000100000000)
  eden space 10752K, 3% used [0x00000000d5580000,0x00000000d55e25d0,0x00000000d6000000)
  from space 1024K, 58% used [0x00000000d6000000,0x00000000d6095430,0x00000000d6100000)
  to   space 1024K, 0% used [0x00000000d6100000,0x00000000d6100000,0x00000000d6200000)
 ParOldGen       total 72704K, used 72194K [0x0000000080000000, 0x0000000084700000, 0x00000000d5580000)
  object space 72704K, 99% used [0x0000000080000000,0x0000000084680828,0x0000000084700000)
 Metaspace       used 67699K, committed 69120K, reserved 1114112K
  class space    used 7147K, committed 7744K, reserved 1048576K
GC Heap History (20 events):
Event: 356.713 GC heap before
{Heap before GC invocations=52 (full 3):
 PSYoungGen      total 11776K, used 11614K [0x00000000d5580000, 0x00000000d6380000, 0x0000000100000000)
  eden space 10752K, 99% used [0x00000000d5580000,0x00000000d5fff940,0x00000000d6000000)
  from space 1024K, 84% used [0x00000000d6280000,0x00000000d6358000,0x00000000d6380000)
  to   space 1536K, 0% used [0x00000000d6080000,0x00000000d6080000,0x00000000d6200000)
 ParOldGen       total 68608K, used 64819K [0x0000000080000000, 0x0000000084300000, 0x00000000d5580000)
  object space 68608K, 94% used [0x0000000080000000,0x0000000083f4ce68,0x0000000084300000)
 Metaspace       used 65313K, committed 66688K, reserved 1114112K
  class space    used 6924K, committed 7488K, reserved 1048576K
}
Event: 356.745 GC heap after
{Heap after GC invocations=52 (full 3):
 PSYoungGen      total 12288K, used 1216K [0x00000000d5580000, 0x00000000d6300000, 0x0000000100000000)
  eden space 10752K, 0% used [0x00000000d5580000,0x00000000d5580000,0x00000000d6000000)
  from space 1536K, 79% used [0x00000000d6080000,0x00000000d61b0000,0x00000000d6200000)
  to   space 1024K, 0% used [0x00000000d6200000,0x00000000d6200000,0x00000000d6300000)
 ParOldGen       total 68608K, used 65575K [0x0000000080000000, 0x0000000084300000, 0x00000000d5580000)
  object space 68608K, 95% used [0x0000000080000000,0x0000000084009e78,0x0000000084300000)
 Metaspace       used 65313K, committed 66688K, reserved 1114112K
  class space    used 6924K, committed 7488K, reserved 1048576K
}
Event: 358.168 GC heap before
{Heap before GC invocations=53 (full 3):
 PSYoungGen      total 12288K, used 11968K [0x00000000d5580000, 0x00000000d6300000, 0x0000000100000000)
  eden space 10752K, 100% used [0x00000000d5580000,0x00000000d6000000,0x00000000d6000000)
  from space 1536K, 79% used [0x00000000d6080000,0x00000000d61b0000,0x00000000d6200000)
  to   space 1024K, 0% used [0x00000000d6200000,0x00000000d6200000,0x00000000d6300000)
 ParOldGen       total 68608K, used 65575K [0x0000000080000000, 0x0000000084300000, 0x00000000d5580000)
  object space 68608K, 95% used [0x0000000080000000,0x0000000084009e78,0x0000000084300000)
 Metaspace       used 65602K, committed 67008K, reserved 1114112K
  class space    used 6967K, committed 7552K, reserved 1048576K
}
Event: 358.185 GC heap after
{Heap after GC invocations=53 (full 3):
 PSYoungGen      total 11776K, used 1008K [0x00000000d5580000, 0x00000000d6400000, 0x0000000100000000)
  eden space 10752K, 0% used [0x00000000d5580000,0x00000000d5580000,0x00000000d6000000)
  from space 1024K, 98% used [0x00000000d6200000,0x00000000d62fc010,0x00000000d6300000)
  to   space 2048K, 0% used [0x00000000d6000000,0x00000000d6000000,0x00000000d6200000)
 ParOldGen       total 68608K, used 66149K [0x0000000080000000, 0x0000000084300000, 0x00000000d5580000)
  object space 68608K, 96% used [0x0000000080000000,0x00000000840994f0,0x0000000084300000)
 Metaspace       used 65602K, committed 67008K, reserved 1114112K
  class space    used 6967K, committed 7552K, reserved 1048576K
}
Event: 358.658 GC heap before
{Heap before GC invocations=54 (full 3):
 PSYoungGen      total 11776K, used 11752K [0x00000000d5580000, 0x00000000d6400000, 0x0000000100000000)
  eden space 10752K, 99% used [0x00000000d5580000,0x00000000d5ffe218,0x00000000d6000000)
  from space 1024K, 98% used [0x00000000d6200000,0x00000000d62fc010,0x00000000d6300000)
  to   space 2048K, 0% used [0x00000000d6000000,0x00000000d6000000,0x00000000d6200000)
 ParOldGen       total 68608K, used 66149K [0x0000000080000000, 0x0000000084300000, 0x00000000d5580000)
  object space 68608K, 96% used [0x0000000080000000,0x00000000840994f0,0x0000000084300000)
 Metaspace       used 65691K, committed 67072K, reserved 1114112K
  class space    used 6967K, committed 7552K, reserved 1048576K
}
Event: 358.663 GC heap after
{Heap after GC invocations=54 (full 3):
 PSYoungGen      total 12288K, used 1472K [0x00000000d5580000, 0x00000000d6300000, 0x0000000100000000)
  eden space 10752K, 0% used [0x00000000d5580000,0x00000000d5580000,0x00000000d6000000)
  from space 1536K, 95% used [0x00000000d6000000,0x00000000d6170020,0x00000000d6180000)
  to   space 1536K, 0% used [0x00000000d6180000,0x00000000d6180000,0x00000000d6300000)
 ParOldGen       total 68608K, used 67076K [0x0000000080000000, 0x0000000084300000, 0x00000000d5580000)
  object space 68608K, 97% used [0x0000000080000000,0x0000000084181200,0x0000000084300000)
 Metaspace       used 65691K, committed 67072K, reserved 1114112K
  class space    used 6967K, committed 7552K, reserved 1048576K
}
Event: 359.454 GC heap before
{Heap before GC invocations=55 (full 3):
 PSYoungGen      total 12288K, used 12224K [0x00000000d5580000, 0x00000000d6300000, 0x0000000100000000)
  eden space 10752K, 100% used [0x00000000d5580000,0x00000000d6000000,0x00000000d6000000)
  from space 1536K, 95% used [0x00000000d6000000,0x00000000d6170020,0x00000000d6180000)
  to   space 1536K, 0% used [0x00000000d6180000,0x00000000d6180000,0x00000000d6300000)
 ParOldGen       total 68608K, used 67076K [0x0000000080000000, 0x0000000084300000, 0x00000000d5580000)
  object space 68608K, 97% used [0x0000000080000000,0x0000000084181200,0x0000000084300000)
 Metaspace       used 65857K, committed 67200K, reserved 1114112K
  class space    used 6967K, committed 7552K, reserved 1048576K
}
Event: 359.463 GC heap after
{Heap after GC invocations=55 (full 3):
 PSYoungGen      total 12288K, used 1216K [0x00000000d5580000, 0x00000000d6300000, 0x0000000100000000)
  eden space 10752K, 0% used [0x00000000d5580000,0x00000000d5580000,0x00000000d6000000)
  from space 1536K, 79% used [0x00000000d6180000,0x00000000d62b0000,0x00000000d6300000)
  to   space 1536K, 0% used [0x00000000d6000000,0x00000000d6000000,0x00000000d6180000)
 ParOldGen       total 68608K, used 68256K [0x0000000080000000, 0x0000000084300000, 0x00000000d5580000)
  object space 68608K, 99% used [0x0000000080000000,0x00000000842a8210,0x0000000084300000)
 Metaspace       used 65857K, committed 67200K, reserved 1114112K
  class space    used 6967K, committed 7552K, reserved 1048576K
}
Event: 361.041 GC heap before
{Heap before GC invocations=56 (full 3):
 PSYoungGen      total 12288K, used 11968K [0x00000000d5580000, 0x00000000d6300000, 0x0000000100000000)
  eden space 10752K, 100% used [0x00000000d5580000,0x00000000d6000000,0x00000000d6000000)
  from space 1536K, 79% used [0x00000000d6180000,0x00000000d62b0000,0x00000000d6300000)
  to   space 1536K, 0% used [0x00000000d6000000,0x00000000d6000000,0x00000000d6180000)
 ParOldGen       total 68608K, used 68256K [0x0000000080000000, 0x0000000084300000, 0x00000000d5580000)
  object space 68608K, 99% used [0x0000000080000000,0x00000000842a8210,0x0000000084300000)
 Metaspace       used 65934K, committed 67264K, reserved 1114112K
  class space    used 6970K, committed 7552K, reserved 1048576K
}
Event: 361.046 GC heap after
{Heap after GC invocations=56 (full 3):
 PSYoungGen      total 12288K, used 928K [0x00000000d5580000, 0x00000000d6300000, 0x0000000100000000)
  eden space 10752K, 0% used [0x00000000d5580000,0x00000000d5580000,0x00000000d6000000)
  from space 1536K, 60% used [0x00000000d6000000,0x00000000d60e8000,0x00000000d6180000)
  to   space 1536K, 0% used [0x00000000d6180000,0x00000000d6180000,0x00000000d6300000)
 ParOldGen       total 69120K, used 69021K [0x0000000080000000, 0x0000000084380000, 0x00000000d5580000)
  object space 69120K, 99% used [0x0000000080000000,0x00000000843675b8,0x0000000084380000)
 Metaspace       used 65934K, committed 67264K, reserved 1114112K
  class space    used 6970K, committed 7552K, reserved 1048576K
}
Event: 362.483 GC heap before
{Heap before GC invocations=57 (full 3):
 PSYoungGen      total 12288K, used 11680K [0x00000000d5580000, 0x00000000d6300000, 0x0000000100000000)
  eden space 10752K, 100% used [0x00000000d5580000,0x00000000d6000000,0x00000000d6000000)
  from space 1536K, 60% used [0x00000000d6000000,0x00000000d60e8000,0x00000000d6180000)
  to   space 1536K, 0% used [0x00000000d6180000,0x00000000d6180000,0x00000000d6300000)
 ParOldGen       total 69120K, used 69021K [0x0000000080000000, 0x0000000084380000, 0x00000000d5580000)
  object space 69120K, 99% used [0x0000000080000000,0x00000000843675b8,0x0000000084380000)
 Metaspace       used 66017K, committed 67328K, reserved 1114112K
  class space    used 6970K, committed 7552K, reserved 1048576K
}
Event: 362.485 GC heap after
{Heap after GC invocations=57 (full 3):
 PSYoungGen      total 11776K, used 640K [0x00000000d5580000, 0x00000000d6280000, 0x0000000100000000)
  eden space 10752K, 0% used [0x00000000d5580000,0x00000000d5580000,0x00000000d6000000)
  from space 1024K, 62% used [0x00000000d6180000,0x00000000d6220000,0x00000000d6280000)
  to   space 1024K, 0% used [0x00000000d6080000,0x00000000d6080000,0x00000000d6180000)
 ParOldGen       total 69632K, used 69501K [0x0000000080000000, 0x0000000084400000, 0x00000000d5580000)
  object space 69632K, 99% used [0x0000000080000000,0x00000000843df5b8,0x0000000084400000)
 Metaspace       used 66017K, committed 67328K, reserved 1114112K
  class space    used 6970K, committed 7552K, reserved 1048576K
}
Event: 363.527 GC heap before
{Heap before GC invocations=58 (full 3):
 PSYoungGen      total 11776K, used 11392K [0x00000000d5580000, 0x00000000d6280000, 0x0000000100000000)
  eden space 10752K, 100% used [0x00000000d5580000,0x00000000d6000000,0x00000000d6000000)
  from space 1024K, 62% used [0x00000000d6180000,0x00000000d6220000,0x00000000d6280000)
  to   space 1024K, 0% used [0x00000000d6080000,0x00000000d6080000,0x00000000d6180000)
 ParOldGen       total 69632K, used 69501K [0x0000000080000000, 0x0000000084400000, 0x00000000d5580000)
  object space 69632K, 99% used [0x0000000080000000,0x00000000843df5b8,0x0000000084400000)
 Metaspace       used 66069K, committed 67456K, reserved 1114112K
  class space    used 6970K, committed 7552K, reserved 1048576K
}
Event: 363.532 GC heap after
{Heap after GC invocations=58 (full 3):
 PSYoungGen      total 11776K, used 800K [0x00000000d5580000, 0x00000000d6200000, 0x0000000100000000)
  eden space 10752K, 0% used [0x00000000d5580000,0x00000000d5580000,0x00000000d6000000)
  from space 1024K, 78% used [0x00000000d6080000,0x00000000d6148000,0x00000000d6180000)
  to   space 512K, 0% used [0x00000000d6180000,0x00000000d6180000,0x00000000d6200000)
 ParOldGen       total 70144K, used 69989K [0x0000000080000000, 0x0000000084480000, 0x00000000d5580000)
  object space 70144K, 99% used [0x0000000080000000,0x00000000844595b8,0x0000000084480000)
 Metaspace       used 66069K, committed 67456K, reserved 1114112K
  class space    used 6970K, committed 7552K, reserved 1048576K
}
Event: 365.081 GC heap before
{Heap before GC invocations=59 (full 3):
 PSYoungGen      total 11776K, used 11552K [0x00000000d5580000, 0x00000000d6200000, 0x0000000100000000)
  eden space 10752K, 100% used [0x00000000d5580000,0x00000000d6000000,0x00000000d6000000)
  from space 1024K, 78% used [0x00000000d6080000,0x00000000d6148000,0x00000000d6180000)
  to   space 512K, 0% used [0x00000000d6180000,0x00000000d6180000,0x00000000d6200000)
 ParOldGen       total 70144K, used 69989K [0x0000000080000000, 0x0000000084480000, 0x00000000d5580000)
  object space 70144K, 99% used [0x0000000080000000,0x00000000844595b8,0x0000000084480000)
 Metaspace       used 66200K, committed 67584K, reserved 1114112K
  class space    used 6973K, committed 7552K, reserved 1048576K
}
Event: 365.084 GC heap after
{Heap after GC invocations=59 (full 3):
 PSYoungGen      total 11264K, used 512K [0x00000000d5580000, 0x00000000d6200000, 0x0000000100000000)
  eden space 10752K, 0% used [0x00000000d5580000,0x00000000d5580000,0x00000000d6000000)
  from space 512K, 100% used [0x00000000d6180000,0x00000000d6200000,0x00000000d6200000)
  to   space 1024K, 0% used [0x00000000d6000000,0x00000000d6000000,0x00000000d6100000)
 ParOldGen       total 70656K, used 70405K [0x0000000080000000, 0x0000000084500000, 0x00000000d5580000)
  object space 70656K, 99% used [0x0000000080000000,0x00000000844c15b8,0x0000000084500000)
 Metaspace       used 66200K, committed 67584K, reserved 1114112K
  class space    used 6973K, committed 7552K, reserved 1048576K
}
Event: 369.283 GC heap before
{Heap before GC invocations=60 (full 3):
 PSYoungGen      total 11264K, used 11264K [0x00000000d5580000, 0x00000000d6200000, 0x0000000100000000)
  eden space 10752K, 100% used [0x00000000d5580000,0x00000000d6000000,0x00000000d6000000)
  from space 512K, 100% used [0x00000000d6180000,0x00000000d6200000,0x00000000d6200000)
  to   space 1024K, 0% used [0x00000000d6000000,0x00000000d6000000,0x00000000d6100000)
 ParOldGen       total 70656K, used 70405K [0x0000000080000000, 0x0000000084500000, 0x00000000d5580000)
  object space 70656K, 99% used [0x0000000080000000,0x00000000844c15b8,0x0000000084500000)
 Metaspace       used 66670K, committed 68032K, reserved 1114112K
  class space    used 7036K, committed 7616K, reserved 1048576K
}
Event: 369.290 GC heap after
{Heap after GC invocations=60 (full 3):
 PSYoungGen      total 11776K, used 928K [0x00000000d5580000, 0x00000000d6200000, 0x0000000100000000)
  eden space 10752K, 0% used [0x00000000d5580000,0x00000000d5580000,0x00000000d6000000)
  from space 1024K, 90% used [0x00000000d6000000,0x00000000d60e8000,0x00000000d6100000)
  to   space 1024K, 0% used [0x00000000d6100000,0x00000000d6100000,0x00000000d6200000)
 ParOldGen       total 71168K, used 70941K [0x0000000080000000, 0x0000000084580000, 0x00000000d5580000)
  object space 71168K, 99% used [0x0000000080000000,0x00000000845475b8,0x0000000084580000)
 Metaspace       used 66670K, committed 68032K, reserved 1114112K
  class space    used 7036K, committed 7616K, reserved 1048576K
}
Event: 370.557 GC heap before
{Heap before GC invocations=61 (full 3):
 PSYoungGen      total 11776K, used 11680K [0x00000000d5580000, 0x00000000d6200000, 0x0000000100000000)
  eden space 10752K, 100% used [0x00000000d5580000,0x00000000d6000000,0x00000000d6000000)
  from space 1024K, 90% used [0x00000000d6000000,0x00000000d60e8000,0x00000000d6100000)
  to   space 1024K, 0% used [0x00000000d6100000,0x00000000d6100000,0x00000000d6200000)
 ParOldGen       total 71168K, used 70941K [0x0000000080000000, 0x0000000084580000, 0x00000000d5580000)
  object space 71168K, 99% used [0x0000000080000000,0x00000000845475b8,0x0000000084580000)
 Metaspace       used 66916K, committed 68288K, reserved 1114112K
  class space    used 7068K, committed 7680K, reserved 1048576K
}
Event: 370.561 GC heap after
{Heap after GC invocations=61 (full 3):
 PSYoungGen      total 11776K, used 736K [0x00000000d5580000, 0x00000000d6200000, 0x0000000100000000)
  eden space 10752K, 0% used [0x00000000d5580000,0x00000000d5580000,0x00000000d6000000)
  from space 1024K, 71% used [0x00000000d6100000,0x00000000d61b8000,0x00000000d6200000)
  to   space 1024K, 0% used [0x00000000d6000000,0x00000000d6000000,0x00000000d6100000)
 ParOldGen       total 71680K, used 71602K [0x0000000080000000, 0x0000000084600000, 0x00000000d5580000)
  object space 71680K, 99% used [0x0000000080000000,0x00000000845ec828,0x0000000084600000)
 Metaspace       used 66916K, committed 68288K, reserved 1114112K
  class space    used 7068K, committed 7680K, reserved 1048576K
}

