# JRE version: OpenJDK Runtime Environment Temurin-21.0.9+10 (21.0.9+10) (build 21.0.9+10-LTS)
# Java VM: OpenJDK 64-Bit Server VM Temurin-21.0.9+10 (21.0.9+10-LTS, mixed mode, sharing, tiered, compressed oops, compressed class ptrs, parallel gc, windows-amd64)
GC Precious Log:
 CardTable entry size: 512
 CPUs: 8 total, 8 available
 Memory: 3461M
 Large Page Support: Disabled
 NUMA Support: Disabled
 Compressed Oops: Enabled (32-bit)
 Alignments: Space 512K, Generation 512K, Heap 2M
 Heap Min Capacity: 100M
 Heap Initial Capacity: 100M
 Heap Max Capacity: 2G
 Pre-touch: Disabled
 Parallel Workers: 8
Heap:
 PSYoungGen      total 8192K, used 8032K [0x00000000d5580000, 0x00000000d5f00000, 0x0000000100000000)
  eden space 7168K, 100% used [0x00000000d5580000,0x00000000d5c80000,0x00000000d5c80000)
  from space 1024K, 84% used [0x00000000d5d80000,0x00000000d5e58000,0x00000000d5e80000)
  to   space 512K, 99% used [0x00000000d5e80000,0x00000000d5eff618,0x00000000d5f00000)
 ParOldGen       total 492032K, used 492029K [0x0000000080000000, 0x000000009e080000, 0x00000000d5580000)
  object space 492032K, 99% used [0x0000000080000000,0x000000009e07f780,0x000000009e080000)
 Metaspace       used 70113K, committed 71808K, reserved 1114112K
  class space    used 7264K, committed 8000K, reserved 1048576K
GC Heap History (20 events):
Event: 231.235 GC heap before
{Heap before GC invocations=936 (full 3):
 PSYoungGen      total 7680K, used 7311K [0x00000000d5580000, 0x00000000d5f80000, 0x0000000100000000)
  eden space 7168K, 98% used [0x00000000d5580000,0x00000000d5c63db0,0x00000000d5c80000)
  from space 512K, 50% used [0x00000000d5f00000,0x00000000d5f40000,0x00000000d5f80000)
  to   space 512K, 0% used [0x00000000d5c80000,0x00000000d5c80000,0x00000000d5d00000)
 ParOldGen       total 489472K, used 488980K [0x0000000080000000, 0x000000009de00000, 0x00000000d5580000)
  object space 489472K, 99% used [0x0000000080000000,0x000000009dd85270,0x000000009de00000)
 Metaspace       used 68541K, committed 70272K, reserved 1114112K
  class space    used 7116K, committed 7872K, reserved 1048576K
}
Event: 231.237 GC heap after
{Heap after GC invocations=936 (full 3):
 PSYoungGen      total 7680K, used 224K [0x00000000d5580000, 0x00000000d5f80000, 0x0000000100000000)
  eden space 7168K, 0% used [0x00000000d5580000,0x00000000d5580000,0x00000000d5c80000)
  from space 512K, 43% used [0x00000000d5c80000,0x00000000d5cb8020,0x00000000d5d00000)
  to   space 512K, 0% used [0x00000000d5f00000,0x00000000d5f00000,0x00000000d5f80000)
 ParOldGen       total 489472K, used 489140K [0x0000000080000000, 0x000000009de00000, 0x00000000d5580000)
  object space 489472K, 99% used [0x0000000080000000,0x000000009ddad270,0x000000009de00000)
 Metaspace       used 68541K, committed 70272K, reserved 1114112K
  class space    used 7116K, committed 7872K, reserved 1048576K
}
Event: 231.791 GC heap before
{Heap before GC invocations=937 (full 3):
 PSYoungGen      total 7680K, used 7384K [0x00000000d5580000, 0x00000000d5f80000, 0x0000000100000000)
  eden space 7168K, 99% used [0x00000000d5580000,0x00000000d5c7e3b8,0x00000000d5c80000)
  from space 512K, 43% used [0x00000000d5c80000,0x00000000d5cb8020,0x00000000d5d00000)
  to   space 512K, 0% used [0x00000000d5f00000,0x00000000d5f00000,0x00000000d5f80000)
 ParOldGen       total 489472K, used 489140K [0x0000000080000000, 0x000000009de00000, 0x00000000d5580000)
  object space 489472K, 99% used [0x0000000080000000,0x000000009ddad270,0x000000009de00000)
 Metaspace       used 68560K, committed 70272K, reserved 1114112K
  class space    used 7116K, committed 7872K, reserved 1048576K
}
Event: 231.798 GC heap after
{Heap after GC invocations=937 (full 3):
 PSYoungGen      total 7680K, used 436K [0x00000000d5580000, 0x00000000d5f80000, 0x0000000100000000)
  eden space 7168K, 0% used [0x00000000d5580000,0x00000000d5580000,0x00000000d5c80000)
  from space 512K, 85% used [0x00000000d5f00000,0x00000000d5f6d220,0x00000000d5f80000)
  to   space 512K, 0% used [0x00000000d5c80000,0x00000000d5c80000,0x00000000d5d00000)
 ParOldGen       total 489472K, used 489252K [0x0000000080000000, 0x000000009de00000, 0x00000000d5580000)
  object space 489472K, 99% used [0x0000000080000000,0x000000009ddc9290,0x000000009de00000)
 Metaspace       used 68560K, committed 70272K, reserved 1114112K
  class space    used 7116K, committed 7872K, reserved 1048576K
}
Event: 231.862 GC heap before
{Heap before GC invocations=938 (full 3):
 PSYoungGen      total 7680K, used 7570K [0x00000000d5580000, 0x00000000d5f80000, 0x0000000100000000)
  eden space 7168K, 99% used [0x00000000d5580000,0x00000000d5c77960,0x00000000d5c80000)
  from space 512K, 85% used [0x00000000d5f00000,0x00000000d5f6d220,0x00000000d5f80000)
  to   space 512K, 0% used [0x00000000d5c80000,0x00000000d5c80000,0x00000000d5d00000)
 ParOldGen       total 489472K, used 489252K [0x0000000080000000, 0x000000009de00000, 0x00000000d5580000)
  object space 489472K, 99% used [0x0000000080000000,0x000000009ddc9290,0x000000009de00000)
 Metaspace       used 68561K, committed 70272K, reserved 1114112K
  class space    used 7116K, committed 7872K, reserved 1048576K
}
Event: 231.866 GC heap after
{Heap after GC invocations=938 (full 3):
 PSYoungGen      total 7680K, used 260K [0x00000000d5580000, 0x00000000d5f80000, 0x0000000100000000)
  eden space 7168K, 0% used [0x00000000d5580000,0x00000000d5580000,0x00000000d5c80000)
  from space 512K, 50% used [0x00000000d5c80000,0x00000000d5cc1378,0x00000000d5d00000)
  to   space 512K, 0% used [0x00000000d5f00000,0x00000000d5f00000,0x00000000d5f80000)
 ParOldGen       total 489984K, used 489569K [0x0000000080000000, 0x000000009de80000, 0x00000000d5580000)
  object space 489984K, 99% used [0x0000000080000000,0x000000009de184b0,0x000000009de80000)
 Metaspace       used 68561K, committed 70272K, reserved 1114112K
  class space    used 7116K, committed 7872K, reserved 1048576K
}
Event: 232.033 GC heap before
{Heap before GC invocations=939 (full 3):
 PSYoungGen      total 7680K, used 7428K [0x00000000d5580000, 0x00000000d5f80000, 0x0000000100000000)
  eden space 7168K, 100% used [0x00000000d5580000,0x00000000d5c80000,0x00000000d5c80000)
  from space 512K, 50% used [0x00000000d5c80000,0x00000000d5cc1378,0x00000000d5d00000)
  to   space 512K, 0% used [0x00000000d5f00000,0x00000000d5f00000,0x00000000d5f80000)
 ParOldGen       total 489984K, used 489569K [0x0000000080000000, 0x000000009de80000, 0x00000000d5580000)
  object space 489984K, 99% used [0x0000000080000000,0x000000009de184b0,0x000000009de80000)
 Metaspace       used 68577K, committed 70272K, reserved 1114112K
  class space    used 7116K, committed 7872K, reserved 1048576K
}
Event: 232.037 GC heap after
{Heap after GC invocations=939 (full 3):
 PSYoungGen      total 7680K, used 212K [0x00000000d5580000, 0x00000000d5f80000, 0x0000000100000000)
  eden space 7168K, 0% used [0x00000000d5580000,0x00000000d5580000,0x00000000d5c80000)
  from space 512K, 41% used [0x00000000d5f00000,0x00000000d5f35200,0x00000000d5f80000)
  to   space 512K, 0% used [0x00000000d5c80000,0x00000000d5c80000,0x00000000d5d00000)
 ParOldGen       total 489984K, used 489625K [0x0000000080000000, 0x000000009de80000, 0x00000000d5580000)
  object space 489984K, 99% used [0x0000000080000000,0x000000009de264b0,0x000000009de80000)
 Metaspace       used 68577K, committed 70272K, reserved 1114112K
  class space    used 7116K, committed 7872K, reserved 1048576K
}
Event: 233.394 GC heap before
{Heap before GC invocations=940 (full 3):
 PSYoungGen      total 7680K, used 7380K [0x00000000d5580000, 0x00000000d5f80000, 0x0000000100000000)
  eden space 7168K, 100% used [0x00000000d5580000,0x00000000d5c80000,0x00000000d5c80000)
  from space 512K, 41% used [0x00000000d5f00000,0x00000000d5f35200,0x00000000d5f80000)
  to   space 512K, 0% used [0x00000000d5c80000,0x00000000d5c80000,0x00000000d5d00000)
 ParOldGen       total 489984K, used 489625K [0x0000000080000000, 0x000000009de80000, 0x00000000d5580000)
  object space 489984K, 99% used [0x0000000080000000,0x000000009de264b0,0x000000009de80000)
 Metaspace       used 68711K, committed 70336K, reserved 1114112K
  class space    used 7133K, committed 7872K, reserved 1048576K
}
Event: 233.398 GC heap after
{Heap after GC invocations=940 (full 3):
 PSYoungGen      total 7680K, used 320K [0x00000000d5580000, 0x00000000d5f80000, 0x0000000100000000)
  eden space 7168K, 0% used [0x00000000d5580000,0x00000000d5580000,0x00000000d5c80000)
  from space 512K, 62% used [0x00000000d5c80000,0x00000000d5cd0000,0x00000000d5d00000)
  to   space 512K, 0% used [0x00000000d5f00000,0x00000000d5f00000,0x00000000d5f80000)
 ParOldGen       total 489984K, used 489673K [0x0000000080000000, 0x000000009de80000, 0x00000000d5580000)
  object space 489984K, 99% used [0x0000000080000000,0x000000009de324b0,0x000000009de80000)
 Metaspace       used 68711K, committed 70336K, reserved 1114112K
  class space    used 7133K, committed 7872K, reserved 1048576K
}
Event: 237.803 GC heap before
{Heap before GC invocations=941 (full 3):
 PSYoungGen      total 7680K, used 7488K [0x00000000d5580000, 0x00000000d5f80000, 0x0000000100000000)
  eden space 7168K, 100% used [0x00000000d5580000,0x00000000d5c80000,0x00000000d5c80000)
  from space 512K, 62% used [0x00000000d5c80000,0x00000000d5cd0000,0x00000000d5d00000)
  to   space 512K, 0% used [0x00000000d5f00000,0x00000000d5f00000,0x00000000d5f80000)
 ParOldGen       total 489984K, used 489673K [0x0000000080000000, 0x000000009de80000, 0x00000000d5580000)
  object space 489984K, 99% used [0x0000000080000000,0x000000009de324b0,0x000000009de80000)
 Metaspace       used 69116K, committed 70784K, reserved 1114112K
  class space    used 7176K, committed 7936K, reserved 1048576K
}
Event: 237.813 GC heap after
{Heap after GC invocations=941 (full 3):
 PSYoungGen      total 7680K, used 448K [0x00000000d5580000, 0x00000000d5f80000, 0x0000000100000000)
  eden space 7168K, 0% used [0x00000000d5580000,0x00000000d5580000,0x00000000d5c80000)
  from space 512K, 87% used [0x00000000d5f00000,0x00000000d5f70000,0x00000000d5f80000)
  to   space 512K, 0% used [0x00000000d5c80000,0x00000000d5c80000,0x00000000d5d00000)
 ParOldGen       total 489984K, used 489828K [0x0000000080000000, 0x000000009de80000, 0x00000000d5580000)
  object space 489984K, 99% used [0x0000000080000000,0x000000009de59240,0x000000009de80000)
 Metaspace       used 69116K, committed 70784K, reserved 1114112K
  class space    used 7176K, committed 7936K, reserved 1048576K
}
Event: 238.597 GC heap before
{Heap before GC invocations=942 (full 3):
 PSYoungGen      total 7680K, used 7616K [0x00000000d5580000, 0x00000000d5f80000, 0x0000000100000000)
  eden space 7168K, 100% used [0x00000000d5580000,0x00000000d5c80000,0x00000000d5c80000)
  from space 512K, 87% used [0x00000000d5f00000,0x00000000d5f70000,0x00000000d5f80000)
  to   space 512K, 0% used [0x00000000d5c80000,0x00000000d5c80000,0x00000000d5d00000)
 ParOldGen       total 489984K, used 489828K [0x0000000080000000, 0x000000009de80000, 0x00000000d5580000)
  object space 489984K, 99% used [0x0000000080000000,0x000000009de59240,0x000000009de80000)
 Metaspace       used 69116K, committed 70784K, reserved 1114112K
  class space    used 7176K, committed 7936K, reserved 1048576K
}
Event: 238.599 GC heap after
{Heap after GC invocations=942 (full 3):
 PSYoungGen      total 7680K, used 96K [0x00000000d5580000, 0x00000000d5f80000, 0x0000000100000000)
  eden space 7168K, 0% used [0x00000000d5580000,0x00000000d5580000,0x00000000d5c80000)
  from space 512K, 18% used [0x00000000d5c80000,0x00000000d5c98000,0x00000000d5d00000)
  to   space 512K, 0% used [0x00000000d5f00000,0x00000000d5f00000,0x00000000d5f80000)
 ParOldGen       total 490496K, used 490143K [0x0000000080000000, 0x000000009df00000, 0x00000000d5580000)
  object space 490496K, 99% used [0x0000000080000000,0x000000009dea7ce0,0x000000009df00000)
 Metaspace       used 69116K, committed 70784K, reserved 1114112K
  class space    used 7176K, committed 7936K, reserved 1048576K
}
Event: 240.889 GC heap before
{Heap before GC invocations=943 (full 3):
 PSYoungGen      total 7680K, used 7263K [0x00000000d5580000, 0x00000000d5f80000, 0x0000000100000000)
  eden space 7168K, 99% used [0x00000000d5580000,0x00000000d5c7ffe0,0x00000000d5c80000)
  from space 512K, 18% used [0x00000000d5c80000,0x00000000d5c98000,0x00000000d5d00000)
  to   space 512K, 0% used [0x00000000d5f00000,0x00000000d5f00000,0x00000000d5f80000)
 ParOldGen       total 490496K, used 490143K [0x0000000080000000, 0x000000009df00000, 0x00000000d5580000)
  object space 490496K, 99% used [0x0000000080000000,0x000000009dea7ce0,0x000000009df00000)
 Metaspace       used 69734K, committed 71488K, reserved 1114112K
  class space    used 7238K, committed 8000K, reserved 1048576K
}
Event: 240.901 GC heap after
{Heap after GC invocations=943 (full 3):
 PSYoungGen      total 7680K, used 480K [0x00000000d5580000, 0x00000000d5f80000, 0x0000000100000000)
  eden space 7168K, 0% used [0x00000000d5580000,0x00000000d5580000,0x00000000d5c80000)
  from space 512K, 93% used [0x00000000d5f00000,0x00000000d5f78000,0x00000000d5f80000)
  to   space 1024K, 0% used [0x00000000d5d80000,0x00000000d5d80000,0x00000000d5e80000)
 ParOldGen       total 490496K, used 490159K [0x0000000080000000, 0x000000009df00000, 0x00000000d5580000)
  object space 490496K, 99% used [0x0000000080000000,0x000000009deabce0,0x000000009df00000)
 Metaspace       used 69734K, committed 71488K, reserved 1114112K
  class space    used 7238K, committed 8000K, reserved 1048576K
}
Event: 241.694 GC heap before
{Heap before GC invocations=944 (full 3):
 PSYoungGen      total 7680K, used 7648K [0x00000000d5580000, 0x00000000d5f80000, 0x0000000100000000)
  eden space 7168K, 100% used [0x00000000d5580000,0x00000000d5c80000,0x00000000d5c80000)
  from space 512K, 93% used [0x00000000d5f00000,0x00000000d5f78000,0x00000000d5f80000)
  to   space 1024K, 0% used [0x00000000d5d80000,0x00000000d5d80000,0x00000000d5e80000)
 ParOldGen       total 490496K, used 490159K [0x0000000080000000, 0x000000009df00000, 0x00000000d5580000)
  object space 490496K, 99% used [0x0000000080000000,0x000000009deabce0,0x000000009df00000)
 Metaspace       used 69958K, committed 71680K, reserved 1114112K
  class space    used 7253K, committed 8000K, reserved 1048576K
}
Event: 241.708 GC heap after
{Heap after GC invocations=944 (full 3):
 PSYoungGen      total 8192K, used 762K [0x00000000d5580000, 0x00000000d5f80000, 0x0000000100000000)
  eden space 7168K, 0% used [0x00000000d5580000,0x00000000d5580000,0x00000000d5c80000)
  from space 1024K, 74% used [0x00000000d5d80000,0x00000000d5e3e900,0x00000000d5e80000)
  to   space 1024K, 0% used [0x00000000d5e80000,0x00000000d5e80000,0x00000000d5f80000)
 ParOldGen       total 490496K, used 490404K [0x0000000080000000, 0x000000009df00000, 0x00000000d5580000)
  object space 490496K, 99% used [0x0000000080000000,0x000000009dee9208,0x000000009df00000)
 Metaspace       used 69958K, committed 71680K, reserved 1114112K
  class space    used 7253K, committed 8000K, reserved 1048576K
}
Event: 241.833 GC heap before
{Heap before GC invocations=945 (full 3):
 PSYoungGen      total 8192K, used 7930K [0x00000000d5580000, 0x00000000d5f80000, 0x0000000100000000)
  eden space 7168K, 100% used [0x00000000d5580000,0x00000000d5c80000,0x00000000d5c80000)
  from space 1024K, 74% used [0x00000000d5d80000,0x00000000d5e3e900,0x00000000d5e80000)
  to   space 1024K, 0% used [0x00000000d5e80000,0x00000000d5e80000,0x00000000d5f80000)
 ParOldGen       total 490496K, used 490404K [0x0000000080000000, 0x000000009df00000, 0x00000000d5580000)
  object space 490496K, 99% used [0x0000000080000000,0x000000009dee9208,0x000000009df00000)
 Metaspace       used 70026K, committed 71744K, reserved 1114112K
  class space    used 7257K, committed 8000K, reserved 1048576K
}
Event: 241.838 GC heap after
{Heap after GC invocations=945 (full 3):
 PSYoungGen      total 8192K, used 800K [0x00000000d5580000, 0x00000000d5f80000, 0x0000000100000000)
  eden space 7168K, 0% used [0x00000000d5580000,0x00000000d5580000,0x00000000d5c80000)
  from space 1024K, 78% used [0x00000000d5e80000,0x00000000d5f48010,0x00000000d5f80000)
  to   space 1024K, 0% used [0x00000000d5d80000,0x00000000d5d80000,0x00000000d5e80000)
 ParOldGen       total 491520K, used 491045K [0x0000000080000000, 0x000000009e000000, 0x00000000d5580000)
  object space 491520K, 99% used [0x0000000080000000,0x000000009df89770,0x000000009e000000)
 Metaspace       used 70026K, committed 71744K, reserved 1114112K
  class space    used 7257K, committed 8000K, reserved 1048576K
}

